#
# There is insufficient memory for the Java Runtime Environment to continue.
# Native memory allocation (malloc) failed to allocate 32744 bytes for Chunk::new
# Possible reasons:
#   The system is out of physical RAM or swap space
#   The process is running with CompressedOops enabled, and the Java Heap may be blocking the growth of the native heap
# Possible solutions:
#   Reduce memory load on the system
#   Increase physical memory or swap space
#   Check if swap backing store is full
#   Decrease Java heap size (-Xmx/-Xms)
#   Decrease number of Java threads
#   Decrease Java thread stack sizes (-Xss)
#   Set larger code cache with -XX:ReservedCodeCacheSize=
#   JVM is running with Unscaled Compressed Oops mode in which the Java heap is
#     placed in the first 4GB address space. The Java Heap base address is the
#     maximum limit for the native heap growth. Please use -XX:HeapBaseMinAddress
#     to set the Java Heap base and to place the Java Heap above 4GB virtual address.
# This output file may be truncated or incomplete.
#
#  Out of Memory Error (arena.cpp:184), pid=8124, tid=16452
#
# JRE version: Java(TM) SE Runtime Environment (18.0.2.1+1) (build 18.0.2.1+1-1)
# Java VM: Java HotSpot(TM) 64-Bit Server VM (18.0.2.1+1-1, mixed mode, sharing, tiered, compressed oops, compressed class ptrs, g1 gc, windows-amd64)
# No core dump will be written. Minidumps are not enabled by default on client versions of Windows
#

---------------  S U M M A R Y ------------

Command Line: -javaagent:C:\Program Files\JetBrains\IntelliJ IDEA Community Edition 2023.3.2\lib\idea_rt.jar=61034:C:\Program Files\JetBrains\IntelliJ IDEA Community Edition 2023.3.2\bin -Dfile.encoding=UTF-8 -Dsun.stdout.encoding=UTF-8 -Dsun.stderr.encoding=UTF-8 com.vodafone.training.oauthserver.OauthServerApplication

Host: Intel(R) Core(TM) i5-10210U CPU @ 1.60GHz, 8 cores, 7G,  Windows 11 , 64 bit Build 22621 (10.0.22621.3085)
Time: Tue Mar 12 17:21:13 2024 India Standard Time elapsed time: 1774.321731 seconds (0d 0h 29m 34s)

---------------  T H R E A D  ---------------

Current thread (0x000002460f5c0320):  JavaThread "C2 CompilerThread0" daemon [_thread_in_native, id=16452, stack(0x000000b18f800000,0x000000b18f900000)]


Current CompileTask:
C2:1774324 7262       4       sun.security.ec.ECOperations::setDouble (559 bytes)

Stack: [0x000000b18f800000,0x000000b18f900000]
Native frames: (J=compiled Java code, j=interpreted, Vv=VM code, C=native code)
V  [jvm.dll+0x6993aa]
V  [jvm.dll+0x7f46dd]
V  [jvm.dll+0x7f5fee]
V  [jvm.dll+0x7f66a3]
V  [jvm.dll+0x25cf1f]
V  [jvm.dll+0xb8c2f]
V  [jvm.dll+0xb8fa5]
V  [jvm.dll+0x6c24aa]
V  [jvm.dll+0x1d2e24]
V  [jvm.dll+0x230259]
V  [jvm.dll+0x22f4d1]
V  [jvm.dll+0x1ba01c]
V  [jvm.dll+0x23ee0a]
V  [jvm.dll+0x23d0f5]
V  [jvm.dll+0x7a6dd1]
V  [jvm.dll+0x7a120a]
V  [jvm.dll+0x698255]
C  [ucrtbase.dll+0x29363]
C  [KERNEL32.DLL+0x1257d]
C  [ntdll.dll+0x5aa58]


---------------  P R O C E S S  ---------------

Threads class SMR info:
_java_thread_list=0x00000246192cec20, length=33, elements={
0x000002460f59faf0, 0x000002460f5a2760, 0x000002460f5bd970, 0x000002460f5be310,
0x000002460f5becb0, 0x000002460f5bf650, 0x000002460f5c0320, 0x000002460f5c0d00,
0x000002460f5cb700, 0x0000024613891430, 0x0000024613958350, 0x0000024613958810,
0x0000024616e09480, 0x0000024615baa260, 0x0000024615ba8f20, 0x0000024615ba8a50,
0x0000024615baac00, 0x0000024615bab0d0, 0x0000024615babf40, 0x0000024615bab5a0,
0x0000024615baba70, 0x0000024615bac410, 0x0000024615ba98c0, 0x0000024615ba9d90,
0x00000246177bf990, 0x00000246177bac90, 0x00000246177bd310, 0x00000246177be180,
0x00000246177bce40, 0x00000246177c0cd0, 0x00000246177bd7e0, 0x00000246177bbfd0,
0x0000024617cbb500
}

Java Threads: ( => current thread )
  0x000002460f59faf0 JavaThread "Reference Handler" daemon [_thread_blocked, id=29540, stack(0x000000b18f200000,0x000000b18f300000)]
  0x000002460f5a2760 JavaThread "Finalizer" daemon [_thread_blocked, id=10280, stack(0x000000b18f300000,0x000000b18f400000)]
  0x000002460f5bd970 JavaThread "Signal Dispatcher" daemon [_thread_blocked, id=22864, stack(0x000000b18f400000,0x000000b18f500000)]
  0x000002460f5be310 JavaThread "Attach Listener" daemon [_thread_blocked, id=21616, stack(0x000000b18f500000,0x000000b18f600000)]
  0x000002460f5becb0 JavaThread "Service Thread" daemon [_thread_blocked, id=14636, stack(0x000000b18f600000,0x000000b18f700000)]
  0x000002460f5bf650 JavaThread "Monitor Deflation Thread" daemon [_thread_blocked, id=24316, stack(0x000000b18f700000,0x000000b18f800000)]
=>0x000002460f5c0320 JavaThread "C2 CompilerThread0" daemon [_thread_in_native, id=16452, stack(0x000000b18f800000,0x000000b18f900000)]
  0x000002460f5c0d00 JavaThread "C1 CompilerThread0" daemon [_thread_blocked, id=22296, stack(0x000000b18f900000,0x000000b18fa00000)]
  0x000002460f5cb700 JavaThread "Sweeper thread" daemon [_thread_blocked, id=27180, stack(0x000000b18fa00000,0x000000b18fb00000)]
  0x0000024613891430 JavaThread "Common-Cleaner" daemon [_thread_blocked, id=28180, stack(0x000000b18fb00000,0x000000b18fc00000)]
  0x0000024613958350 JavaThread "Monitor Ctrl-Break" daemon [_thread_in_native, id=19240, stack(0x000000b18fc00000,0x000000b18fd00000)]
  0x0000024613958810 JavaThread "Notification Thread" daemon [_thread_blocked, id=29080, stack(0x000000b18fd00000,0x000000b18fe00000)]
  0x0000024616e09480 JavaThread "Catalina-utility-1" [_thread_blocked, id=1108, stack(0x000000b190900000,0x000000b190a00000)]
  0x0000024615baa260 JavaThread "Catalina-utility-2" [_thread_blocked, id=16456, stack(0x000000b190a00000,0x000000b190b00000)]
  0x0000024615ba8f20 JavaThread "container-0" [_thread_blocked, id=16140, stack(0x000000b190b00000,0x000000b190c00000)]
  0x0000024615ba8a50 JavaThread "mysql-cj-abandoned-connection-cleanup" daemon [_thread_blocked, id=26760, stack(0x000000b190c00000,0x000000b190d00000)]
  0x0000024615baac00 JavaThread "HikariPool-1 housekeeper" daemon [_thread_blocked, id=20584, stack(0x000000b190e00000,0x000000b190f00000)]
  0x0000024615bab0d0 JavaThread "http-nio-8000-exec-1" daemon [_thread_blocked, id=9436, stack(0x000000b191000000,0x000000b191100000)]
  0x0000024615babf40 JavaThread "http-nio-8000-exec-2" daemon [_thread_blocked, id=6044, stack(0x000000b191100000,0x000000b191200000)]
  0x0000024615bab5a0 JavaThread "http-nio-8000-exec-3" daemon [_thread_blocked, id=19040, stack(0x000000b191200000,0x000000b191300000)]
  0x0000024615baba70 JavaThread "http-nio-8000-exec-4" daemon [_thread_blocked, id=7940, stack(0x000000b191300000,0x000000b191400000)]
  0x0000024615bac410 JavaThread "http-nio-8000-exec-5" daemon [_thread_blocked, id=16512, stack(0x000000b191400000,0x000000b191500000)]
  0x0000024615ba98c0 JavaThread "http-nio-8000-exec-6" daemon [_thread_blocked, id=28928, stack(0x000000b191500000,0x000000b191600000)]
  0x0000024615ba9d90 JavaThread "http-nio-8000-exec-7" daemon [_thread_blocked, id=13764, stack(0x000000b191600000,0x000000b191700000)]
  0x00000246177bf990 JavaThread "http-nio-8000-exec-8" daemon [_thread_blocked, id=11860, stack(0x000000b191700000,0x000000b191800000)]
  0x00000246177bac90 JavaThread "http-nio-8000-exec-9" daemon [_thread_blocked, id=12240, stack(0x000000b191800000,0x000000b191900000)]
  0x00000246177bd310 JavaThread "http-nio-8000-exec-10" daemon [_thread_blocked, id=22596, stack(0x000000b191900000,0x000000b191a00000)]
  0x00000246177be180 JavaThread "http-nio-8000-Poller" daemon [_thread_in_native, id=13968, stack(0x000000b191a00000,0x000000b191b00000)]
  0x00000246177bce40 JavaThread "http-nio-8000-Acceptor" daemon [_thread_in_native, id=28660, stack(0x000000b191b00000,0x000000b191c00000)]
  0x00000246177c0cd0 JavaThread "DestroyJavaVM" [_thread_blocked, id=24988, stack(0x000000b18eb00000,0x000000b18ec00000)]
  0x00000246177bd7e0 JavaThread "HikariPool-1 connection closer" daemon [_thread_blocked, id=25036, stack(0x000000b18e800000,0x000000b18e900000)]
  0x00000246177bbfd0 JavaThread "HikariPool-1 connection adder" daemon [_thread_blocked, id=22828, stack(0x000000b18e900000,0x000000b18ea00000)]
  0x0000024617cbb500 JavaThread "C2 CompilerThread1" daemon [_thread_blocked, id=18700, stack(0x000000b18ff00000,0x000000b190000000)]

Other Threads:
  0x00000246714b0d90 VMThread "VM Thread" [stack: 0x000000b18f100000,0x000000b18f200000] [id=13512]
  0x0000024613a2a150 WatcherThread "VM Periodic Task Thread" [stack: 0x000000b18fe00000,0x000000b18ff00000] [id=25616]
  0x0000024671482700 WorkerThread "GC Thread#0" [stack: 0x000000b18ec00000,0x000000b18ed00000] [id=23036]
  0x0000024613e8f9a0 WorkerThread "GC Thread#1" [stack: 0x000000b190000000,0x000000b190100000] [id=7200]
  0x0000024613e8fc40 WorkerThread "GC Thread#2" [stack: 0x000000b190100000,0x000000b190200000] [id=18332]
  0x0000024613df80f0 WorkerThread "GC Thread#3" [stack: 0x000000b190200000,0x000000b190300000] [id=27852]
  0x0000024613df8390 WorkerThread "GC Thread#4" [stack: 0x000000b190300000,0x000000b190400000] [id=12924]
  0x0000024614594f20 WorkerThread "GC Thread#5" [stack: 0x000000b190400000,0x000000b190500000] [id=7616]
  0x000002461477f770 WorkerThread "GC Thread#6" [stack: 0x000000b190600000,0x000000b190700000] [id=17196]
  0x0000024614654710 WorkerThread "GC Thread#7" [stack: 0x000000b190700000,0x000000b190800000] [id=19392]
  0x00000246714930f0 ConcurrentGCThread "G1 Main Marker" [stack: 0x000000b18ed00000,0x000000b18ee00000] [id=20376]
  0x0000024671494af0 WorkerThread "G1 Conc#0" [stack: 0x000000b18ee00000,0x000000b18ef00000] [id=19988]
  0x0000024615611470 WorkerThread "G1 Conc#1" [stack: 0x000000b190500000,0x000000b190600000] [id=15460]
  0x000002460f45d160 ConcurrentGCThread "G1 Refine#0" [stack: 0x000000b18ef00000,0x000000b18f000000] [id=304]
  0x000002460f45da70 ConcurrentGCThread "G1 Service" [stack: 0x000000b18f000000,0x000000b18f100000] [id=17712]

Threads with active compile tasks:
C2 CompilerThread0  1774498 7262       4       sun.security.ec.ECOperations::setDouble (559 bytes)

VM state: not at safepoint (normal execution)

VM Mutex/Monitor currently owned by a thread: None

Heap address: 0x0000000082a00000, size: 2006 MB, Compressed Oops mode: 32-bit

CDS archive(s) mapped at: [0x0000000800000000-0x0000000800ba0000-0x0000000800ba0000), size 12189696, SharedBaseAddress: 0x0000000800000000, ArchiveRelocationMode: 0.
Compressed class space mapped at: 0x0000000800c00000-0x0000000840c00000, reserved size: 1073741824
Narrow klass base: 0x0000000800000000, Narrow klass shift: 0, Narrow klass range: 0x100000000

GC Precious Log:
 CardTable entry size: 512
 Card Set container configuration: InlinePtr #cards 5 size 8 Array Of Cards #cards 12 size 40 Howl #buckets 4 coarsen threshold 1843 Howl Bitmap #cards 512 size 80 coarsen threshold 460 Card regions per heap region 1 cards per card region 2048
 CPUs: 8 total, 8 available
 Memory: 8022M
 Large Page Support: Disabled
 NUMA Support: Disabled
 Compressed Oops: Enabled (32-bit)
 Heap Region Size: 1M
 Heap Min Capacity: 8M
 Heap Initial Capacity: 126M
 Heap Max Capacity: 2006M
 Pre-touch: Disabled
 Parallel Workers: 8
 Concurrent Workers: 2
 Concurrent Refinement Workers: 8
 Periodic GC: Disabled

Heap:
 garbage-first heap   total 70656K, used 52627K [0x0000000082a00000, 0x0000000100000000)
  region size 1024K, 20 young (20480K), 4 survivors (4096K)
 Metaspace       used 76888K, committed 77632K, reserved 1179648K
  class space    used 10219K, committed 10560K, reserved 1048576K

Heap Regions: E=young(eden), S=young(survivor), O=old, HS=humongous(starts), HC=humongous(continues), CS=collection set, F=free, OA=open archive, CA=closed archive, TAMS=top-at-mark-start (previous, next)
|   0|0x0000000082a00000, 0x0000000082b00000, 0x0000000082b00000|100%|HS|  |TAMS 0x0000000082b00000, 0x0000000082a00000| Complete 
|   1|0x0000000082b00000, 0x0000000082c00000, 0x0000000082c00000|100%| O|  |TAMS 0x0000000082c00000, 0x0000000082b00000| Untracked 
|   2|0x0000000082c00000, 0x0000000082d00000, 0x0000000082d00000|100%| O|  |TAMS 0x0000000082d00000, 0x0000000082c00000| Untracked 
|   3|0x0000000082d00000, 0x0000000082e00000, 0x0000000082e00000|100%| O|  |TAMS 0x0000000082e00000, 0x0000000082d00000| Untracked 
|   4|0x0000000082e00000, 0x0000000082f00000, 0x0000000082f00000|100%| O|  |TAMS 0x0000000082f00000, 0x0000000082e00000| Untracked 
|   5|0x0000000082f00000, 0x0000000083000000, 0x0000000083000000|100%| O|  |TAMS 0x0000000083000000, 0x0000000082f00000| Untracked 
|   6|0x0000000083000000, 0x0000000083100000, 0x0000000083100000|100%| O|  |TAMS 0x0000000083100000, 0x0000000083000000| Untracked 
|   7|0x0000000083100000, 0x0000000083186400, 0x0000000083200000| 52%| O|  |TAMS 0x0000000083186400, 0x0000000083100000| Complete 
|   8|0x0000000083200000, 0x0000000083300000, 0x0000000083300000|100%| O|  |TAMS 0x0000000083300000, 0x0000000083200000| Untracked 
|   9|0x0000000083300000, 0x0000000083400000, 0x0000000083400000|100%| O|  |TAMS 0x0000000083400000, 0x0000000083300000| Untracked 
|  10|0x0000000083400000, 0x0000000083500000, 0x0000000083500000|100%| O|  |TAMS 0x0000000083500000, 0x0000000083400000| Untracked 
|  11|0x0000000083500000, 0x0000000083600000, 0x0000000083600000|100%| O|  |TAMS 0x0000000083600000, 0x0000000083500000| Untracked 
|  12|0x0000000083600000, 0x0000000083700000, 0x0000000083700000|100%| O|  |TAMS 0x0000000083700000, 0x0000000083600000| Untracked 
|  13|0x0000000083700000, 0x0000000083800000, 0x0000000083800000|100%| O|  |TAMS 0x0000000083800000, 0x0000000083700000| Untracked 
|  14|0x0000000083800000, 0x0000000083900000, 0x0000000083900000|100%| O|  |TAMS 0x0000000083900000, 0x0000000083800000| Untracked 
|  15|0x0000000083900000, 0x0000000083a00000, 0x0000000083a00000|100%| O|  |TAMS 0x0000000083a00000, 0x0000000083900000| Untracked 
|  16|0x0000000083a00000, 0x0000000083b00000, 0x0000000083b00000|100%| O|  |TAMS 0x0000000083b00000, 0x0000000083a00000| Untracked 
|  17|0x0000000083b00000, 0x0000000083c00000, 0x0000000083c00000|100%| O|  |TAMS 0x0000000083c00000, 0x0000000083b00000| Untracked 
|  18|0x0000000083c00000, 0x0000000083d00000, 0x0000000083d00000|100%| O|  |TAMS 0x0000000083d00000, 0x0000000083c00000| Untracked 
|  19|0x0000000083d00000, 0x0000000083e00000, 0x0000000083e00000|100%| O|  |TAMS 0x0000000083e00000, 0x0000000083d00000| Untracked 
|  20|0x0000000083e00000, 0x0000000083f00000, 0x0000000083f00000|100%| O|  |TAMS 0x0000000083f00000, 0x0000000083e00000| Untracked 
|  21|0x0000000083f00000, 0x0000000084000000, 0x0000000084000000|100%| O|  |TAMS 0x0000000084000000, 0x0000000083f00000| Untracked 
|  22|0x0000000084000000, 0x0000000084100000, 0x0000000084100000|100%| O|  |TAMS 0x0000000084100000, 0x0000000084000000| Untracked 
|  23|0x0000000084100000, 0x0000000084200000, 0x0000000084200000|100%| O|  |TAMS 0x0000000084200000, 0x0000000084100000| Untracked 
|  24|0x0000000084200000, 0x0000000084300000, 0x0000000084300000|100%| O|  |TAMS 0x0000000084300000, 0x0000000084200000| Untracked 
|  25|0x0000000084300000, 0x0000000084400000, 0x0000000084400000|100%| O|  |TAMS 0x0000000084400000, 0x0000000084300000| Untracked 
|  26|0x0000000084400000, 0x0000000084500000, 0x0000000084500000|100%| O|  |TAMS 0x0000000084500000, 0x0000000084400000| Untracked 
|  27|0x0000000084500000, 0x0000000084600000, 0x0000000084600000|100%| O|  |TAMS 0x0000000084600000, 0x0000000084500000| Untracked 
|  28|0x0000000084600000, 0x0000000084700000, 0x0000000084700000|100%| O|  |TAMS 0x0000000084700000, 0x0000000084600000| Untracked 
|  29|0x0000000084700000, 0x0000000084800000, 0x0000000084800000|100%| O|  |TAMS 0x0000000084800000, 0x0000000084700000| Untracked 
|  30|0x0000000084800000, 0x0000000084900000, 0x0000000084900000|100%| O|  |TAMS 0x0000000084900000, 0x0000000084800000| Untracked 
|  31|0x0000000084900000, 0x0000000084a00000, 0x0000000084a00000|100%| O|  |TAMS 0x0000000084993a00, 0x0000000084900000| Untracked 
|  32|0x0000000084a00000, 0x0000000084b00000, 0x0000000084b00000|100%| O|  |TAMS 0x0000000084a00000, 0x0000000084a00000| Untracked 
|  33|0x0000000084b00000, 0x0000000084b4be00, 0x0000000084c00000| 29%| O|  |TAMS 0x0000000084b00000, 0x0000000084b00000| Untracked 
|  34|0x0000000084c00000, 0x0000000084c00000, 0x0000000084d00000|  0%| F|  |TAMS 0x0000000084c00000, 0x0000000084c00000| Untracked 
|  35|0x0000000084d00000, 0x0000000084d00000, 0x0000000084e00000|  0%| F|  |TAMS 0x0000000084d00000, 0x0000000084d00000| Untracked 
|  36|0x0000000084e00000, 0x0000000084e00000, 0x0000000084f00000|  0%| F|  |TAMS 0x0000000084e00000, 0x0000000084e00000| Untracked 
|  37|0x0000000084f00000, 0x0000000084f00000, 0x0000000085000000|  0%| F|  |TAMS 0x0000000084f00000, 0x0000000084f00000| Untracked 
|  38|0x0000000085000000, 0x0000000085000000, 0x0000000085100000|  0%| F|  |TAMS 0x0000000085000000, 0x0000000085000000| Untracked 
|  39|0x0000000085100000, 0x0000000085100000, 0x0000000085200000|  0%| F|  |TAMS 0x0000000085100000, 0x0000000085100000| Untracked 
|  40|0x0000000085200000, 0x0000000085200000, 0x0000000085300000|  0%| F|  |TAMS 0x0000000085200000, 0x0000000085200000| Untracked 
|  41|0x0000000085300000, 0x0000000085392d28, 0x0000000085400000| 57%| S|CS|TAMS 0x0000000085300000, 0x0000000085300000| Complete 
|  42|0x0000000085400000, 0x0000000085500000, 0x0000000085500000|100%| S|CS|TAMS 0x0000000085400000, 0x0000000085400000| Complete 
|  43|0x0000000085500000, 0x0000000085500000, 0x0000000085600000|  0%| F|  |TAMS 0x0000000085500000, 0x0000000085500000| Untracked 
|  44|0x0000000085600000, 0x0000000085700000, 0x0000000085700000|100%| S|CS|TAMS 0x0000000085600000, 0x0000000085600000| Complete 
|  45|0x0000000085700000, 0x0000000085700000, 0x0000000085800000|  0%| F|  |TAMS 0x0000000085700000, 0x0000000085700000| Untracked 
|  46|0x0000000085800000, 0x0000000085800000, 0x0000000085900000|  0%| F|  |TAMS 0x0000000085800000, 0x0000000085800000| Untracked 
|  47|0x0000000085900000, 0x0000000085a00000, 0x0000000085a00000|100%| S|CS|TAMS 0x0000000085900000, 0x0000000085900000| Complete 
|  48|0x0000000085a00000, 0x0000000085a00000, 0x0000000085b00000|  0%| F|  |TAMS 0x0000000085a00000, 0x0000000085a00000| Untracked 
|  49|0x0000000085b00000, 0x0000000085b00000, 0x0000000085c00000|  0%| F|  |TAMS 0x0000000085b00000, 0x0000000085b00000| Untracked 
|  50|0x0000000085c00000, 0x0000000085c00000, 0x0000000085d00000|  0%| F|  |TAMS 0x0000000085c00000, 0x0000000085c00000| Untracked 
|  51|0x0000000085d00000, 0x0000000085d00000, 0x0000000085e00000|  0%| F|  |TAMS 0x0000000085d00000, 0x0000000085d00000| Untracked 
|  52|0x0000000085e00000, 0x0000000085e00000, 0x0000000085f00000|  0%| F|  |TAMS 0x0000000085e00000, 0x0000000085e00000| Untracked 
|  53|0x0000000085f00000, 0x0000000085f73c30, 0x0000000086000000| 45%| E|  |TAMS 0x0000000085f00000, 0x0000000085f00000| Complete 
|  54|0x0000000086000000, 0x0000000086100000, 0x0000000086100000|100%| E|CS|TAMS 0x0000000086000000, 0x0000000086000000| Complete 
|  55|0x0000000086100000, 0x0000000086200000, 0x0000000086200000|100%| E|CS|TAMS 0x0000000086100000, 0x0000000086100000| Complete 
|  56|0x0000000086200000, 0x0000000086300000, 0x0000000086300000|100%| E|CS|TAMS 0x0000000086200000, 0x0000000086200000| Complete 
|  57|0x0000000086300000, 0x0000000086400000, 0x0000000086400000|100%| E|CS|TAMS 0x0000000086300000, 0x0000000086300000| Complete 
|  58|0x0000000086400000, 0x0000000086500000, 0x0000000086500000|100%| E|CS|TAMS 0x0000000086400000, 0x0000000086400000| Complete 
|  59|0x0000000086500000, 0x0000000086600000, 0x0000000086600000|100%| E|CS|TAMS 0x0000000086500000, 0x0000000086500000| Complete 
|  60|0x0000000086600000, 0x0000000086700000, 0x0000000086700000|100%| E|CS|TAMS 0x0000000086600000, 0x0000000086600000| Complete 
|  61|0x0000000086700000, 0x0000000086800000, 0x0000000086800000|100%| E|CS|TAMS 0x0000000086700000, 0x0000000086700000| Complete 
|  62|0x0000000086800000, 0x0000000086900000, 0x0000000086900000|100%| E|CS|TAMS 0x0000000086800000, 0x0000000086800000| Complete 
|  63|0x0000000086900000, 0x0000000086a00000, 0x0000000086a00000|100%| E|CS|TAMS 0x0000000086900000, 0x0000000086900000| Complete 
|  64|0x0000000086a00000, 0x0000000086b00000, 0x0000000086b00000|100%| E|CS|TAMS 0x0000000086a00000, 0x0000000086a00000| Complete 
|  65|0x0000000086b00000, 0x0000000086c00000, 0x0000000086c00000|100%| E|CS|TAMS 0x0000000086b00000, 0x0000000086b00000| Complete 
|  66|0x0000000086c00000, 0x0000000086d00000, 0x0000000086d00000|100%| E|CS|TAMS 0x0000000086c00000, 0x0000000086c00000| Complete 
|  67|0x0000000086d00000, 0x0000000086e00000, 0x0000000086e00000|100%| E|CS|TAMS 0x0000000086d00000, 0x0000000086d00000| Complete 
| 125|0x000000008a700000, 0x000000008a800000, 0x000000008a800000|100%| E|CS|TAMS 0x000000008a700000, 0x000000008a700000| Complete 

Card table byte_map: [0x0000024679460000,0x0000024679850000] _byte_map_base: 0x000002467904b000

Marking Bits (Prev, Next): (CMBitMap*) 0x0000024671482d00, (CMBitMap*) 0x0000024671482d40
 Prev Bits: [0x0000024679c40000, 0x000002467bb98000)
 Next Bits: [0x000002467bba0000, 0x000002467daf8000)

Polling page: 0x000002466f390000

Metaspace:

Usage:
  Non-class:     65.11 MB used.
      Class:      9.98 MB used.
       Both:     75.09 MB used.

Virtual space:
  Non-class space:      128.00 MB reserved,      65.50 MB ( 51%) committed,  2 nodes.
      Class space:        1.00 GB reserved,      10.31 MB (  1%) committed,  1 nodes.
             Both:        1.12 GB reserved,      75.81 MB (  7%) committed. 

Chunk freelists:
   Non-Class:  2.31 MB
       Class:  1.62 MB
        Both:  3.94 MB

MaxMetaspaceSize: unlimited
CompressedClassSpaceSize: 1.00 GB
Initial GC threshold: 21.00 MB
Current GC threshold: 120.75 MB
CDS: on
MetaspaceReclaimPolicy: balanced
 - commit_granule_bytes: 65536.
 - commit_granule_words: 8192.
 - virtual_space_node_default_size: 8388608.
 - enlarge_chunks_in_place: 1.
 - new_chunks_are_fully_committed: 0.
 - uncommit_free_chunks: 1.
 - use_allocation_guard: 0.


Internal statistics:

num_allocs_failed_limit: 9.
num_arena_births: 1086.
num_arena_deaths: 0.
num_vsnodes_births: 3.
num_vsnodes_deaths: 0.
num_space_committed: 1213.
num_space_uncommitted: 0.
num_chunks_returned_to_freelist: 9.
num_chunks_taken_from_freelist: 3754.
num_chunk_merges: 9.
num_chunk_splits: 2718.
num_chunks_enlarged: 2190.
num_inconsistent_stats: 0.

CodeHeap 'non-profiled nmethods': size=120000Kb used=3717Kb max_used=4728Kb free=116282Kb
 bounds [0x0000024607ad0000, 0x0000024607f70000, 0x000002460f000000]
CodeHeap 'profiled nmethods': size=120000Kb used=11544Kb max_used=12918Kb free=108455Kb
 bounds [0x00000246005a0000, 0x0000024601240000, 0x0000024607ad0000]
CodeHeap 'non-nmethods': size=5760Kb used=1395Kb max_used=1487Kb free=4364Kb
 bounds [0x0000024600000000, 0x0000024600270000, 0x00000246005a0000]
 total_blobs=6675 nmethods=5952 adapters=635
 compilation: enabled
              stopped_count=0, restarted_count=0
 full_count=0

Compilation events (20 events):
Event: 1773.797 Thread 0x000002460f5c0d00 nmethod 7274 0x00000246011cd290 code [0x00000246011cd440, 0x00000246011cd5e8]
Event: 1773.797 Thread 0x000002460f5c0d00 7275       3       sun.security.jca.ProviderList$ServiceList$1::next (5 bytes)
Event: 1773.799 Thread 0x000002460f5c0d00 nmethod 7275 0x0000024600c49a90 code [0x0000024600c49c40, 0x0000024600c49d88]
Event: 1773.799 Thread 0x000002460f5c0d00 7276       3       sun.security.jca.ProviderList$ServiceList$1::next (36 bytes)
Event: 1773.800 Thread 0x000002460f5c0d00 nmethod 7276 0x0000024600a2b590 code [0x0000024600a2b740, 0x0000024600a2b9b8]
Event: 1773.800 Thread 0x000002460f5c0d00 7279       1       sun.security.ssl.SSLCipher$T13GcmWriteCipherGenerator$GcmWriteCipher::getExplicitNonceSize (2 bytes)
Event: 1773.800 Thread 0x000002460f5c0d00 nmethod 7279 0x0000024607cb7e10 code [0x0000024607cb7fa0, 0x0000024607cb8078]
Event: 1773.861 Thread 0x0000024617cbb500 nmethod 7277 0x0000024607d99310 code [0x0000024607d995a0, 0x0000024607d99cb8]
Event: 1773.861 Thread 0x000002460f5c0d00 7280       1       com.mysql.cj.protocol.a.NativeCapabilities::getServerVersion (5 bytes)
Event: 1773.861 Thread 0x0000024617cbb500 7278   !   4       jdk.internal.reflect.DirectConstructorHandleAccessor::newInstance (148 bytes)
Event: 1773.864 Thread 0x000002460f5c0d00 nmethod 7280 0x0000024607b91f10 code [0x0000024607b920a0, 0x0000024607b92178]
Event: 1773.870 Thread 0x0000024617cbb500 nmethod 7278 0x0000024607e96090 code [0x0000024607e96300, 0x0000024607e96978]
Event: 1773.966 Thread 0x0000024617cbb500 7281       4       com.sun.crypto.provider.GHASH::processBlock (37 bytes)
Event: 1773.978 Thread 0x000002460f5c0d00 7282       3       com.mysql.cj.result.Field::getName (8 bytes)
Event: 1773.981 Thread 0x000002460f5c0d00 nmethod 7282 0x0000024600c7ca90 code [0x0000024600c7cc40, 0x0000024600c7ce48]
Event: 1773.985 Thread 0x0000024617cbb500 nmethod 7281 0x0000024607b24a10 code [0x0000024607b24ba0, 0x0000024607b25158]
Event: 1773.989 Thread 0x000002460f5c0d00 7283       3       java.nio.HeapByteBuffer::get (15 bytes)
Event: 1773.990 Thread 0x000002460f5c0d00 nmethod 7283 0x000002460095d790 code [0x000002460095d940, 0x000002460095dbf8]
Event: 1774.001 Thread 0x000002460f5c0d00 7284       3       com.mysql.cj.util.StringUtils::isCharAtPosNotEqualIgnoreCase (30 bytes)
Event: 1774.005 Thread 0x000002460f5c0d00 nmethod 7284 0x00000246009d2290 code [0x00000246009d2540, 0x00000246009d33b8]

GC Heap History (20 events):
Event: 8.076 GC heap before
{Heap before GC invocations=10 (full 0):
 garbage-first heap   total 58368K, used 43937K [0x0000000082a00000, 0x0000000100000000)
  region size 1024K, 23 young (23552K), 3 survivors (3072K)
 Metaspace       used 48958K, committed 49536K, reserved 1114112K
  class space    used 6219K, committed 6464K, reserved 1048576K
}
Event: 8.079 GC heap after
{Heap after GC invocations=11 (full 0):
 garbage-first heap   total 58368K, used 25133K [0x0000000082a00000, 0x0000000100000000)
  region size 1024K, 3 young (3072K), 3 survivors (3072K)
 Metaspace       used 48958K, committed 49536K, reserved 1114112K
  class space    used 6219K, committed 6464K, reserved 1048576K
}
Event: 8.520 GC heap before
{Heap before GC invocations=11 (full 0):
 garbage-first heap   total 58368K, used 43565K [0x0000000082a00000, 0x0000000100000000)
  region size 1024K, 22 young (22528K), 3 survivors (3072K)
 Metaspace       used 52231K, committed 52736K, reserved 1114112K
  class space    used 6595K, committed 6848K, reserved 1048576K
}
Event: 8.526 GC heap after
{Heap after GC invocations=12 (full 0):
 garbage-first heap   total 58368K, used 26038K [0x0000000082a00000, 0x0000000100000000)
  region size 1024K, 1 young (1024K), 1 survivors (1024K)
 Metaspace       used 52231K, committed 52736K, reserved 1114112K
  class space    used 6595K, committed 6848K, reserved 1048576K
}
Event: 8.940 GC heap before
{Heap before GC invocations=12 (full 0):
 garbage-first heap   total 58368K, used 44470K [0x0000000082a00000, 0x0000000100000000)
  region size 1024K, 20 young (20480K), 1 survivors (1024K)
 Metaspace       used 58191K, committed 58816K, reserved 1114112K
  class space    used 7591K, committed 7872K, reserved 1048576K
}
Event: 8.942 GC heap after
{Heap after GC invocations=13 (full 0):
 garbage-first heap   total 70656K, used 26683K [0x0000000082a00000, 0x0000000100000000)
  region size 1024K, 2 young (2048K), 2 survivors (2048K)
 Metaspace       used 58191K, committed 58816K, reserved 1114112K
  class space    used 7591K, committed 7872K, reserved 1048576K
}
Event: 9.025 GC heap before
{Heap before GC invocations=13 (full 0):
 garbage-first heap   total 70656K, used 30779K [0x0000000082a00000, 0x0000000100000000)
  region size 1024K, 7 young (7168K), 2 survivors (2048K)
 Metaspace       used 59596K, committed 60160K, reserved 1114112K
  class space    used 7798K, committed 8064K, reserved 1048576K
}
Event: 9.027 GC heap after
{Heap after GC invocations=14 (full 0):
 garbage-first heap   total 70656K, used 26952K [0x0000000082a00000, 0x0000000100000000)
  region size 1024K, 2 young (2048K), 2 survivors (2048K)
 Metaspace       used 59596K, committed 60160K, reserved 1114112K
  class space    used 7798K, committed 8064K, reserved 1048576K
}
Event: 9.749 GC heap before
{Heap before GC invocations=15 (full 0):
 garbage-first heap   total 70656K, used 54600K [0x0000000082a00000, 0x0000000100000000)
  region size 1024K, 30 young (30720K), 2 survivors (2048K)
 Metaspace       used 64022K, committed 64640K, reserved 1114112K
  class space    used 8426K, committed 8704K, reserved 1048576K
}
Event: 9.754 GC heap after
{Heap after GC invocations=16 (full 0):
 garbage-first heap   total 70656K, used 29174K [0x0000000082a00000, 0x0000000100000000)
  region size 1024K, 4 young (4096K), 4 survivors (4096K)
 Metaspace       used 64022K, committed 64640K, reserved 1114112K
  class space    used 8426K, committed 8704K, reserved 1048576K
}
Event: 10.462 GC heap before
{Heap before GC invocations=16 (full 0):
 garbage-first heap   total 70656K, used 54774K [0x0000000082a00000, 0x0000000100000000)
  region size 1024K, 30 young (30720K), 4 survivors (4096K)
 Metaspace       used 66760K, committed 67392K, reserved 1114112K
  class space    used 8830K, committed 9088K, reserved 1048576K
}
Event: 10.469 GC heap after
{Heap after GC invocations=17 (full 0):
 garbage-first heap   total 70656K, used 30905K [0x0000000082a00000, 0x0000000100000000)
  region size 1024K, 2 young (2048K), 2 survivors (2048K)
 Metaspace       used 66760K, committed 67392K, reserved 1114112K
  class space    used 8830K, committed 9088K, reserved 1048576K
}
Event: 10.931 GC heap before
{Heap before GC invocations=17 (full 0):
 garbage-first heap   total 70656K, used 56505K [0x0000000082a00000, 0x0000000100000000)
  region size 1024K, 27 young (27648K), 2 survivors (2048K)
 Metaspace       used 68119K, committed 68736K, reserved 1114112K
  class space    used 9000K, committed 9280K, reserved 1048576K
}
Event: 10.935 GC heap after
{Heap after GC invocations=18 (full 0):
 garbage-first heap   total 70656K, used 32077K [0x0000000082a00000, 0x0000000100000000)
  region size 1024K, 3 young (3072K), 3 survivors (3072K)
 Metaspace       used 68119K, committed 68736K, reserved 1114112K
  class space    used 9000K, committed 9280K, reserved 1048576K
}
Event: 11.381 GC heap before
{Heap before GC invocations=18 (full 0):
 garbage-first heap   total 70656K, used 56653K [0x0000000082a00000, 0x0000000100000000)
  region size 1024K, 27 young (27648K), 3 survivors (3072K)
 Metaspace       used 69515K, committed 70144K, reserved 1114112K
  class space    used 9221K, committed 9536K, reserved 1048576K
}
Event: 11.387 GC heap after
{Heap after GC invocations=19 (full 0):
 garbage-first heap   total 70656K, used 33877K [0x0000000082a00000, 0x0000000100000000)
  region size 1024K, 4 young (4096K), 4 survivors (4096K)
 Metaspace       used 69515K, committed 70144K, reserved 1114112K
  class space    used 9221K, committed 9536K, reserved 1048576K
}
Event: 11.959 GC heap before
{Heap before GC invocations=19 (full 0):
 garbage-first heap   total 70656K, used 56405K [0x0000000082a00000, 0x0000000100000000)
  region size 1024K, 26 young (26624K), 4 survivors (4096K)
 Metaspace       used 71013K, committed 71680K, reserved 1114112K
  class space    used 9432K, committed 9728K, reserved 1048576K
}
Event: 11.965 GC heap after
{Heap after GC invocations=20 (full 0):
 garbage-first heap   total 70656K, used 35660K [0x0000000082a00000, 0x0000000100000000)
  region size 1024K, 4 young (4096K), 4 survivors (4096K)
 Metaspace       used 71013K, committed 71680K, reserved 1114112K
  class space    used 9432K, committed 9728K, reserved 1048576K
}
Event: 12.480 GC heap before
{Heap before GC invocations=20 (full 0):
 garbage-first heap   total 70656K, used 57164K [0x0000000082a00000, 0x0000000100000000)
  region size 1024K, 25 young (25600K), 4 survivors (4096K)
 Metaspace       used 73427K, committed 74048K, reserved 1114112K
  class space    used 9757K, committed 10048K, reserved 1048576K
}
Event: 12.487 GC heap after
{Heap after GC invocations=21 (full 0):
 garbage-first heap   total 70656K, used 37267K [0x0000000082a00000, 0x0000000100000000)
  region size 1024K, 4 young (4096K), 4 survivors (4096K)
 Metaspace       used 73427K, committed 74048K, reserved 1114112K
  class space    used 9757K, committed 10048K, reserved 1048576K
}

Deoptimization events (20 events):
Event: 286.922 Thread 0x0000024615babf40 DEOPT PACKING pc=0x0000024607ccf270 sp=0x000000b1911f9410
Event: 286.922 Thread 0x0000024615babf40 DEOPT UNPACKING pc=0x00000246000523a3 sp=0x000000b1911f92e0 mode 2
Event: 286.927 Thread 0x0000024615babf40 Uncommon trap: trap_request=0xffffff54 fr.pc=0x0000024607e26634 relative=0x0000000000000574
Event: 286.927 Thread 0x0000024615babf40 Uncommon trap: reason=speculate_null_assert action=make_not_entrant pc=0x0000024607e26634 method=org.springframework.util.ConcurrentReferenceHashMap$Segment.restructureIfNecessary(Z)V @ 41 c2
Event: 286.927 Thread 0x0000024615babf40 DEOPT PACKING pc=0x0000024607e26634 sp=0x000000b1911f9440
Event: 286.927 Thread 0x0000024615babf40 DEOPT UNPACKING pc=0x00000246000523a3 sp=0x000000b1911f9240 mode 2
Event: 286.946 Thread 0x0000024615babf40 Uncommon trap: trap_request=0xffffff45 fr.pc=0x0000024607ea1860 relative=0x00000000000035a0
Event: 286.946 Thread 0x0000024615babf40 Uncommon trap: reason=unstable_if action=reinterpret pc=0x0000024607ea1860 method=org.springframework.transaction.annotation.SpringTransactionAnnotationParser.parseTransactionAnnotation(Ljava/lang/reflect/AnnotatedElement;)Lorg/springframework/transaction
Event: 286.946 Thread 0x0000024615babf40 DEOPT PACKING pc=0x0000024607ea1860 sp=0x000000b1911f9470
Event: 286.946 Thread 0x0000024615babf40 DEOPT UNPACKING pc=0x00000246000523a3 sp=0x000000b1911f9448 mode 2
Event: 287.676 Thread 0x0000024615babf40 Uncommon trap: trap_request=0xffffff45 fr.pc=0x0000024607bdb5a4 relative=0x0000000000000344
Event: 287.676 Thread 0x0000024615babf40 Uncommon trap: reason=unstable_if action=reinterpret pc=0x0000024607bdb5a4 method=java.util.HashMap.getNode(Ljava/lang/Object;)Ljava/util/HashMap$Node; @ 66 c2
Event: 287.676 Thread 0x0000024615babf40 DEOPT PACKING pc=0x0000024607bdb5a4 sp=0x000000b1911f9060
Event: 287.676 Thread 0x0000024615babf40 DEOPT UNPACKING pc=0x00000246000523a3 sp=0x000000b1911f8f90 mode 2
Event: 287.677 Thread 0x0000024615babf40 Uncommon trap: trap_request=0xffffff45 fr.pc=0x0000024607b3a8c8 relative=0x0000000000000208
Event: 287.677 Thread 0x0000024615babf40 Uncommon trap: reason=unstable_if action=reinterpret pc=0x0000024607b3a8c8 method=java.util.HashMap.getNode(Ljava/lang/Object;)Ljava/util/HashMap$Node; @ 66 c2
Event: 287.677 Thread 0x0000024615babf40 DEOPT PACKING pc=0x0000024607b3a8c8 sp=0x000000b1911f9000
Event: 287.677 Thread 0x0000024615babf40 DEOPT UNPACKING pc=0x00000246000523a3 sp=0x000000b1911f8f90 mode 2
Event: 1772.654 Thread 0x00000246177bbfd0 DEOPT PACKING pc=0x0000024600fdd282 sp=0x000000b18e9fdef0
Event: 1772.657 Thread 0x00000246177bbfd0 DEOPT UNPACKING pc=0x0000024600052b43 sp=0x000000b18e9fd3b0 mode 0

Classes loaded (20 events):
Event: 286.835 Loading class java/util/ArrayDeque$DescendingIterator
Event: 286.835 Loading class java/util/ArrayDeque$DescendingIterator done
Event: 287.451 Loading class java/time/format/DateTimeFormatterBuilder$ZoneTextPrinterParser
Event: 287.452 Loading class java/time/format/DateTimeFormatterBuilder$ZoneTextPrinterParser done
Event: 287.452 Loading class java/time/format/DateTimeFormatterBuilder$ReducedPrinterParser
Event: 287.456 Loading class java/time/format/DateTimeFormatterBuilder$ReducedPrinterParser done
Event: 287.478 Loading class java/util/OptionalLong
Event: 287.479 Loading class java/util/OptionalLong done
Event: 287.479 Loading class java/util/OptionalDouble
Event: 287.480 Loading class java/util/OptionalDouble done
Event: 287.571 Loading class org/w3c/dom/Node
Event: 287.575 Loading class org/w3c/dom/Node done
Event: 287.575 Loading class org/w3c/dom/Document
Event: 287.578 Loading class org/w3c/dom/Document done
Event: 1768.461 Loading class sun/security/ssl/Alert
Event: 1769.474 Loading class sun/security/ssl/Alert done
Event: 1769.791 Loading class sun/security/ssl/Alert$AlertConsumer
Event: 1770.150 Loading class sun/security/ssl/Alert$AlertConsumer done
Event: 1770.150 Loading class sun/security/ssl/Alert$Level
Event: 1770.242 Loading class sun/security/ssl/Alert$Level done

Classes unloaded (0 events):
No events

Classes redefined (0 events):
No events

Internal exceptions (20 events):
Event: 12.025 Thread 0x00000246714216a0 Exception <a 'java/lang/NoSuchMethodError'{0x0000000086c34fb8}: 'double java.lang.invoke.DirectMethodHandle$Holder.invokeStatic(java.lang.Object, java.lang.Object)'> (0x0000000086c34fb8) 
thrown [s\open\src\hotspot\share\interpreter\linkResolver.cpp, line 759]
Event: 12.109 Thread 0x00000246714216a0 Implicit null exception at 0x0000024607c15140 to 0x0000024607c15350
Event: 12.239 Thread 0x00000246714216a0 Exception <a 'java/lang/IncompatibleClassChangeError'{0x000000008601e118}: Found class java.lang.Object, but interface was expected> (0x000000008601e118) 
thrown [s\open\src\hotspot\share\interpreter\linkResolver.cpp, line 826]
Event: 12.266 Thread 0x00000246714216a0 Exception <a 'java/lang/NoSuchMethodError'{0x0000000085f592f8}: 'void java.lang.invoke.DirectMethodHandle$Holder.invokeStatic(java.lang.Object, java.lang.Object, double)'> (0x0000000085f592f8) 
thrown [s\open\src\hotspot\share\interpreter\linkResolver.cpp, line 759]
Event: 12.283 Thread 0x00000246714216a0 Exception <a 'java/lang/NoSuchMethodError'{0x0000000085fb38e8}: 'double java.lang.invoke.DirectMethodHandle$Holder.invokeStatic(java.lang.Object, java.lang.Object, java.lang.Object)'> (0x0000000085fb38e8) 
thrown [s\open\src\hotspot\share\interpreter\linkResolver.cpp, line 759]
Event: 12.318 Thread 0x00000246714216a0 Exception <a 'java/lang/IncompatibleClassChangeError'{0x0000000085ea7718}: Found class java.lang.Object, but interface was expected> (0x0000000085ea7718) 
thrown [s\open\src\hotspot\share\interpreter\linkResolver.cpp, line 826]
Event: 12.323 Thread 0x00000246714216a0 Exception <a 'java/lang/NoSuchMethodError'{0x0000000085ec5530}: 'java.lang.Object java.lang.invoke.DirectMethodHandle$Holder.newInvokeSpecial(java.lang.Object, java.lang.Object, int, java.lang.Object, java.lang.Object)'> (0x0000000085ec5530) 
thrown [s\open\src\hotspot\share\interpreter\linkResolver.cpp, line 759]
Event: 12.324 Thread 0x00000246714216a0 Exception <a 'java/lang/NoSuchMethodError'{0x0000000085ed0838}: 'java.lang.Object java.lang.invoke.DirectMethodHandle$Holder.invokeSpecial(java.lang.Object, java.lang.Object, int, java.lang.Object, int, java.lang.Object)'> (0x0000000085ed0838) 
thrown [s\open\src\hotspot\share\interpreter\linkResolver.cpp, line 759]
Event: 12.325 Thread 0x00000246714216a0 Exception <a 'java/lang/NoSuchMethodError'{0x0000000085ed8240}: 'java.lang.Object java.lang.invoke.DirectMethodHandle$Holder.newInvokeSpecial(java.lang.Object, java.lang.Object, int, java.lang.Object, int)'> (0x0000000085ed8240) 
thrown [s\open\src\hotspot\share\interpreter\linkResolver.cpp, line 759]
Event: 12.325 Thread 0x00000246714216a0 Exception <a 'java/lang/NoSuchMethodError'{0x0000000085edc300}: 'java.lang.Object java.lang.invoke.DirectMethodHandle$Holder.invokeSpecial(java.lang.Object, java.lang.Object, java.lang.Object, int, java.lang.Object, int)'> (0x0000000085edc300) 
thrown [s\open\src\hotspot\share\interpreter\linkResolver.cpp, line 759]
Event: 12.407 Thread 0x00000246714216a0 Exception <a 'java/lang/IncompatibleClassChangeError'{0x0000000085bca908}: Found class java.lang.Object, but interface was expected> (0x0000000085bca908) 
thrown [s\open\src\hotspot\share\interpreter\linkResolver.cpp, line 826]
Event: 12.451 Thread 0x00000246714216a0 Implicit null exception at 0x0000024607d11b31 to 0x0000024607d11dd2
Event: 286.491 Thread 0x0000024615bab0d0 Exception <a 'java/lang/NoSuchMethodError'{0x0000000086c83ef0}: 'java.lang.Object java.lang.invoke.DirectMethodHandle$Holder.invokeSpecial(java.lang.Object, java.lang.Object, java.lang.Object, java.lang.Object, java.lang.Object, long)'> (0x0000000086c83ef0) 
thrown [s\open\src\hotspot\share\interpreter\linkResolver.cpp, line 759]
Event: 286.492 Thread 0x0000024615bab0d0 Exception <a 'java/lang/NoSuchMethodError'{0x0000000086c878f0}: 'java.lang.Object java.lang.invoke.Invokers$Holder.linkToTargetMethod(java.lang.Object, java.lang.Object, java.lang.Object, long, java.lang.Object)'> (0x0000000086c878f0) 
thrown [s\open\src\hotspot\share\interpreter\linkResolver.cpp, line 759]
Event: 287.030 Thread 0x0000024615babf40 Exception <a 'java/lang/NoSuchMethodError'{0x00000000867452c0}: 'java.lang.Object java.lang.invoke.DirectMethodHandle$Holder.invokeInterface(java.lang.Object, java.lang.Object, java.lang.Object, java.lang.Object)'> (0x00000000867452c0) 
thrown [s\open\src\hotspot\share\interpreter\linkResolver.cpp, line 759]
Event: 287.032 Thread 0x0000024615babf40 Exception <a 'java/lang/NoSuchMethodError'{0x000000008675cd50}: 'java.lang.Object java.lang.invoke.DirectMethodHandle$Holder.invokeInterface(java.lang.Object, java.lang.Object, java.lang.Object, java.lang.Object, java.lang.Object)'> (0x000000008675cd50) 
thrown [s\open\src\hotspot\share\interpreter\linkResolver.cpp, line 759]
Event: 287.064 Thread 0x0000024615babf40 Exception <a 'java/lang/NoSuchMethodError'{0x00000000867b3d00}: 'void java.lang.invoke.DirectMethodHandle$Holder.invokeSpecialIFC(java.lang.Object, java.lang.Object, int, java.lang.Object, java.lang.Object, java.lang.Object, java.lang.Object)'> (0x00000000867b3d00) 
thrown [s\open\src\hotspot\share\interpreter\linkResolver.cpp, line 759]
Event: 287.404 Thread 0x0000024615babf40 Exception <a 'java/lang/NoSuchMethodError'{0x000000008642e7f8}: 'java.lang.Object java.lang.invoke.DirectMethodHandle$Holder.newInvokeSpecial(java.lang.Object, java.lang.Object, java.lang.Object, long)'> (0x000000008642e7f8) 
thrown [s\open\src\hotspot\share\interpreter\linkResolver.cpp, line 759]
Event: 287.408 Thread 0x0000024615babf40 Exception <a 'java/lang/NoSuchMethodError'{0x00000000864332e0}: 'java.lang.Object java.lang.invoke.DirectMethodHandle$Holder.invokeSpecial(java.lang.Object, java.lang.Object, java.lang.Object, java.lang.Object, long)'> (0x00000000864332e0) 
thrown [s\open\src\hotspot\share\interpreter\linkResolver.cpp, line 759]
Event: 287.409 Thread 0x0000024615babf40 Exception <a 'java/lang/NoSuchMethodError'{0x0000000086437718}: 'java.lang.Object java.lang.invoke.Invokers$Holder.linkToTargetMethod(java.lang.Object, java.lang.Object, long, java.lang.Object)'> (0x0000000086437718) 
thrown [s\open\src\hotspot\share\interpreter\linkResolver.cpp, line 759]

VM Operations (20 events):
Event: 1013.667 Executing VM operation: Cleanup
Event: 1013.668 Executing VM operation: Cleanup done
Event: 1016.689 Executing VM operation: Cleanup
Event: 1016.690 Executing VM operation: Cleanup done
Event: 1087.349 Executing VM operation: Cleanup
Event: 1087.349 Executing VM operation: Cleanup done
Event: 1297.312 Executing VM operation: Cleanup
Event: 1297.313 Executing VM operation: Cleanup done
Event: 1357.826 Executing VM operation: Cleanup
Event: 1357.826 Executing VM operation: Cleanup done
Event: 1456.755 Executing VM operation: Cleanup
Event: 1456.756 Executing VM operation: Cleanup done
Event: 1769.229 Executing VM operation: Cleanup
Event: 1769.546 Executing VM operation: Cleanup done
Event: 1771.557 Executing VM operation: Cleanup
Event: 1771.558 Executing VM operation: Cleanup done
Event: 1772.565 Executing VM operation: Cleanup
Event: 1772.614 Executing VM operation: Cleanup done
Event: 1773.625 Executing VM operation: Cleanup
Event: 1773.625 Executing VM operation: Cleanup done

Events (20 events):
Event: 287.677 Thread 0x000002460f5cb700 flushing nmethod 0x00000246010bd290
Event: 287.677 Thread 0x000002460f5cb700 flushing nmethod 0x00000246010eb010
Event: 287.677 Thread 0x000002460f5cb700 flushing nmethod 0x00000246010ec710
Event: 287.677 Thread 0x000002460f5cb700 flushing nmethod 0x0000024601127c10
Event: 287.677 Thread 0x000002460f5cb700 flushing nmethod 0x0000024601130190
Event: 287.678 Thread 0x000002460f5cb700 flushing nmethod 0x000002460113d390
Event: 287.678 Thread 0x000002460f5cb700 flushing nmethod 0x000002460114de90
Event: 287.678 Thread 0x000002460f5cb700 flushing nmethod 0x0000024601153410
Event: 287.678 Thread 0x000002460f5cb700 flushing nmethod 0x000002460115f210
Event: 287.678 Thread 0x000002460f5cb700 flushing nmethod 0x000002460119d110
Event: 287.678 Thread 0x000002460f5cb700 flushing nmethod 0x00000246011cd290
Event: 287.678 Thread 0x000002460f5cb700 flushing nmethod 0x00000246011cf210
Event: 287.678 Thread 0x000002460f5cb700 flushing nmethod 0x00000246011da190
Event: 287.678 Thread 0x000002460f5cb700 flushing nmethod 0x00000246011f5310
Event: 287.678 Thread 0x000002460f5cb700 flushing nmethod 0x000002460122a890
Event: 1768.395 Thread 0x00000246177bd7e0 Thread added: 0x00000246177bd7e0
Event: 1768.398 Thread 0x00000246177bbfd0 Thread added: 0x00000246177bbfd0
Event: 1772.652 Thread 0x0000024617cbb500 Thread added: 0x0000024617cbb500
Event: 1773.684 Thread 0x0000024617cbb500 Thread exited: 0x0000024617cbb500
Event: 1773.762 Thread 0x0000024617cbb500 Thread added: 0x0000024617cbb500


Dynamic libraries:
0x00007ff778820000 - 0x00007ff778830000 	C:\Program Files\Java\jdk-18.0.2.1\bin\java.exe
0x00007ffd1fd50000 - 0x00007ffd1ff67000 	C:\WINDOWS\SYSTEM32\ntdll.dll
0x00007ffd1f690000 - 0x00007ffd1f754000 	C:\WINDOWS\System32\KERNEL32.DLL
0x00007ffd1d320000 - 0x00007ffd1d6c6000 	C:\WINDOWS\System32\KERNELBASE.dll
0x00007ffd1d7f0000 - 0x00007ffd1d901000 	C:\WINDOWS\System32\ucrtbase.dll
0x00007ffd094f0000 - 0x00007ffd09508000 	C:\Program Files\Java\jdk-18.0.2.1\bin\jli.dll
0x00007ffd09510000 - 0x00007ffd0952a000 	C:\Program Files\Java\jdk-18.0.2.1\bin\VCRUNTIME140.dll
0x00007ffd1f290000 - 0x00007ffd1f343000 	C:\WINDOWS\System32\ADVAPI32.dll
0x00007ffd1e780000 - 0x00007ffd1e827000 	C:\WINDOWS\System32\msvcrt.dll
0x00007ffd1ed20000 - 0x00007ffd1edc8000 	C:\WINDOWS\System32\sechost.dll
0x00007ffd1d200000 - 0x00007ffd1d228000 	C:\WINDOWS\System32\bcrypt.dll
0x00007ffd1fbe0000 - 0x00007ffd1fcf7000 	C:\WINDOWS\System32\RPCRT4.dll
0x00007ffd1ef50000 - 0x00007ffd1f0fe000 	C:\WINDOWS\System32\USER32.dll
0x00007ffd1d910000 - 0x00007ffd1d936000 	C:\WINDOWS\System32\win32u.dll
0x00007ffd01e20000 - 0x00007ffd020b3000 	C:\WINDOWS\WinSxS\amd64_microsoft.windows.common-controls_6595b64144ccf1df_6.0.22621.2506_none_270c5ae97388e100\COMCTL32.dll
0x00007ffd1f100000 - 0x00007ffd1f129000 	C:\WINDOWS\System32\GDI32.dll
0x00007ffd1d6d0000 - 0x00007ffd1d7e8000 	C:\WINDOWS\System32\gdi32full.dll
0x00007ffd1da00000 - 0x00007ffd1da9a000 	C:\WINDOWS\System32\msvcp_win.dll
0x00007ffd10730000 - 0x00007ffd1073a000 	C:\WINDOWS\SYSTEM32\VERSION.dll
0x00007ffd1e5a0000 - 0x00007ffd1e5d1000 	C:\WINDOWS\System32\IMM32.DLL
0x00007ffd13d10000 - 0x00007ffd13d1c000 	C:\Program Files\Java\jdk-18.0.2.1\bin\vcruntime140_1.dll
0x00007ffd08120000 - 0x00007ffd081ad000 	C:\Program Files\Java\jdk-18.0.2.1\bin\msvcp140.dll
0x00007ffcd47e0000 - 0x00007ffcd53f1000 	C:\Program Files\Java\jdk-18.0.2.1\bin\server\jvm.dll
0x00007ffd1fd00000 - 0x00007ffd1fd08000 	C:\WINDOWS\System32\PSAPI.DLL
0x00007ffd00940000 - 0x00007ffd00974000 	C:\WINDOWS\SYSTEM32\WINMM.dll
0x00007ffcf62a0000 - 0x00007ffcf62a9000 	C:\WINDOWS\SYSTEM32\WSOCK32.dll
0x00007ffd1e5e0000 - 0x00007ffd1e651000 	C:\WINDOWS\System32\WS2_32.dll
0x00007ffd1c100000 - 0x00007ffd1c118000 	C:\WINDOWS\SYSTEM32\kernel.appcore.dll
0x00007ffd11190000 - 0x00007ffd1119a000 	C:\Program Files\Java\jdk-18.0.2.1\bin\jimage.dll
0x00007ffd17690000 - 0x00007ffd178c3000 	C:\WINDOWS\SYSTEM32\DBGHELP.DLL
0x00007ffd1e830000 - 0x00007ffd1ebb9000 	C:\WINDOWS\System32\combase.dll
0x00007ffd1ebe0000 - 0x00007ffd1ecb7000 	C:\WINDOWS\System32\OLEAUT32.dll
0x00007ffd0fd50000 - 0x00007ffd0fd82000 	C:\WINDOWS\SYSTEM32\dbgcore.DLL
0x00007ffd1d2a0000 - 0x00007ffd1d31a000 	C:\WINDOWS\System32\bcryptPrimitives.dll
0x00007ffd16e60000 - 0x00007ffd16e6e000 	C:\Program Files\Java\jdk-18.0.2.1\bin\instrument.dll
0x00007ffd080f0000 - 0x00007ffd08115000 	C:\Program Files\Java\jdk-18.0.2.1\bin\java.dll
0x00007ffd01840000 - 0x00007ffd01916000 	C:\Program Files\Java\jdk-18.0.2.1\bin\jsvml.dll
0x00007ffd1dd40000 - 0x00007ffd1e59b000 	C:\WINDOWS\System32\SHELL32.dll
0x00007ffd1afa0000 - 0x00007ffd1b896000 	C:\WINDOWS\SYSTEM32\windows.storage.dll
0x00007ffd1ae60000 - 0x00007ffd1af9e000 	C:\WINDOWS\SYSTEM32\wintypes.dll
0x00007ffd1e660000 - 0x00007ffd1e753000 	C:\WINDOWS\System32\SHCORE.dll
0x00007ffd1dce0000 - 0x00007ffd1dd3e000 	C:\WINDOWS\System32\shlwapi.dll
0x00007ffd1cfc0000 - 0x00007ffd1cfe6000 	C:\WINDOWS\SYSTEM32\profapi.dll
0x00007ffd080d0000 - 0x00007ffd080e8000 	C:\Program Files\Java\jdk-18.0.2.1\bin\zip.dll
0x00007ffd094d0000 - 0x00007ffd094e3000 	C:\Program Files\Java\jdk-18.0.2.1\bin\net.dll
0x00007ffd13860000 - 0x00007ffd13997000 	C:\WINDOWS\SYSTEM32\WINHTTP.dll
0x00007ffd1c600000 - 0x00007ffd1c669000 	C:\WINDOWS\system32\mswsock.dll
0x00007ffd08230000 - 0x00007ffd08246000 	C:\Program Files\Java\jdk-18.0.2.1\bin\nio.dll
0x00007ffd01500000 - 0x00007ffd0151a000 	C:\Program Files\JetBrains\IntelliJ IDEA Community Edition 2023.3.2\bin\breakgen64.dll
0x00007ffd02140000 - 0x00007ffd0214e000 	C:\Program Files\Java\jdk-18.0.2.1\bin\sunmscapi.dll
0x00007ffd1d090000 - 0x00007ffd1d1f6000 	C:\WINDOWS\System32\CRYPT32.dll
0x00007ffd1ca50000 - 0x00007ffd1ca7e000 	C:\WINDOWS\SYSTEM32\ncrypt.dll
0x00007ffd1ca10000 - 0x00007ffd1ca47000 	C:\WINDOWS\SYSTEM32\NTASN1.dll
0x00007ffd1c810000 - 0x00007ffd1c82b000 	C:\WINDOWS\SYSTEM32\CRYPTSP.dll
0x00007ffd1c060000 - 0x00007ffd1c095000 	C:\WINDOWS\system32\rsaenh.dll
0x00007ffd1c6a0000 - 0x00007ffd1c6cc000 	C:\WINDOWS\SYSTEM32\USERENV.dll
0x00007ffd1c800000 - 0x00007ffd1c80c000 	C:\WINDOWS\SYSTEM32\CRYPTBASE.dll
0x00007ffd1baf0000 - 0x00007ffd1bb1d000 	C:\WINDOWS\SYSTEM32\IPHLPAPI.DLL
0x00007ffd1ebc0000 - 0x00007ffd1ebc9000 	C:\WINDOWS\System32\NSI.dll
0x00007ffd13720000 - 0x00007ffd13739000 	C:\WINDOWS\SYSTEM32\dhcpcsvc6.DLL
0x00007ffd13700000 - 0x00007ffd1371f000 	C:\WINDOWS\SYSTEM32\dhcpcsvc.DLL
0x00007ffd1bb20000 - 0x00007ffd1bc19000 	C:\WINDOWS\SYSTEM32\DNSAPI.dll
0x00007ffd09cf0000 - 0x00007ffd09cf9000 	C:\Program Files\Java\jdk-18.0.2.1\bin\management.dll
0x00007ffd08e80000 - 0x00007ffd08e8b000 	C:\Program Files\Java\jdk-18.0.2.1\bin\management_ext.dll
0x00007ffd05240000 - 0x00007ffd05250000 	C:\Program Files\Java\jdk-18.0.2.1\bin\verify.dll
0x00007ffd10a00000 - 0x00007ffd10a0a000 	C:\Windows\System32\rasadhlp.dll
0x00007ffd11230000 - 0x00007ffd112b3000 	C:\WINDOWS\System32\fwpuclnt.dll

dbghelp: loaded successfully - version: 4.0.5 - missing functions: none
symbol engine: initialized successfully - sym options: 0x614 - pdb path: .;C:\Program Files\Java\jdk-18.0.2.1\bin;C:\WINDOWS\SYSTEM32;C:\WINDOWS\WinSxS\amd64_microsoft.windows.common-controls_6595b64144ccf1df_6.0.22621.2506_none_270c5ae97388e100;C:\Program Files\Java\jdk-18.0.2.1\bin\server;C:\Program Files\JetBrains\IntelliJ IDEA Community Edition 2023.3.2\bin

VM Arguments:
jvm_args: -javaagent:C:\Program Files\JetBrains\IntelliJ IDEA Community Edition 2023.3.2\lib\idea_rt.jar=61034:C:\Program Files\JetBrains\IntelliJ IDEA Community Edition 2023.3.2\bin -Dfile.encoding=UTF-8 -Dsun.stdout.encoding=UTF-8 -Dsun.stderr.encoding=UTF-8 
java_command: com.vodafone.training.oauthserver.OauthServerApplication
java_class_path (initial): D:\Vodafone\Case Study\Git repo\vodafone-case-study\oauth-server\target\classes;C:\Users\haris\.m2\repository\org\springframework\boot\spring-boot-starter-actuator\3.2.3\spring-boot-starter-actuator-3.2.3.jar;C:\Users\haris\.m2\repository\org\springframework\boot\spring-boot-starter\3.2.3\spring-boot-starter-3.2.3.jar;C:\Users\haris\.m2\repository\org\springframework\boot\spring-boot\3.2.3\spring-boot-3.2.3.jar;C:\Users\haris\.m2\repository\org\springframework\boot\spring-boot-autoconfigure\3.2.3\spring-boot-autoconfigure-3.2.3.jar;C:\Users\haris\.m2\repository\org\springframework\boot\spring-boot-starter-logging\3.2.3\spring-boot-starter-logging-3.2.3.jar;C:\Users\haris\.m2\repository\ch\qos\logback\logback-classic\1.4.14\logback-classic-1.4.14.jar;C:\Users\haris\.m2\repository\ch\qos\logback\logback-core\1.4.14\logback-core-1.4.14.jar;C:\Users\haris\.m2\repository\org\apache\logging\log4j\log4j-to-slf4j\2.21.1\log4j-to-slf4j-2.21.1.jar;C:\Users\haris\.m2\repository\org\apache\logging\log4j\log4j-api\2.21.1\log4j-api-2.21.1.jar;C:\Users\haris\.m2\repository\org\slf4j\jul-to-slf4j\2.0.12\jul-to-slf4j-2.0.12.jar;C:\Users\haris\.m2\repository\jakarta\annotation\jakarta.annotation-api\2.1.1\jakarta.annotation-api-2.1.1.jar;C:\Users\haris\.m2\repository\org\yaml\snakeyaml\2.2\snakeyaml-2.2.jar;C:\Users\haris\.m2\repository\org\springframework\boot\spring-boot-actuator-autoconfigure\3.2.3\spring-boot-actuator-autoconfigure-3.2.3.jar;C:\Users\haris\.m2\repository\org\springframework\boot\spring-boot-actuator\3.2.3\spring-boot-actuator-3.2.3.jar;C:\Users\haris\.m2\repository\com\fasterxml\jackson\core\jackson-databind\2.15.4\jackson-databind-2.15.4.jar;C:\Users\haris\.m2\repository\com\fasterxml\jackson\core\jackson-annotations\2.15.4\jackson-annotations-2.15.4.jar;C:\Users\haris\.m2\repository\com\fasterxml\jackson\core\jackson-core\2.15.4\jackson-core-2.15.4.jar;C:\Users\haris\.m2\repository\com\fasterxml\jackson\datatype\jackson-datatype-jsr310\2.15.4\jackson-datatype-jsr310-2.15.4.jar;C:\Users\haris\.m2\repository\io\micrometer\micrometer-observation\1.12.3\micrometer-observation-1.12.3.jar;C:\Users\haris\.m2\repository\io\micrometer\micrometer-commons\1.12.3\micrometer-commons-1.12.3.jar;C:\Users\haris\.m2\repository\io\micrometer\micrometer-jakarta9\1.12.3\micrometer-jakarta9-1.12.3.jar;C:\Users\haris\.m2\repository\io\micrometer\micrometer-core\1.12.3\micrometer-core-1.12.3.jar;C:\Users\haris\.m2\repository\org\hdrhistogram\HdrHistogram\2.1.12\HdrHistogram-2.1.12.jar;C:\Users\haris\.m2\repository\org\latencyutils\LatencyUtils\2.0.3\LatencyUtils-2.0.3.jar;C:\Users\haris\.m2\repository\org\springframework\boot\spring-boot-starter-data-jpa\3.2.3\spring-boot-starter-data-jpa-3.2.3.jar;C:\Users\haris\.m2\repository\org\springframework\boot\spring-boot-starter-aop\3.2.3\spring-boot-starter-aop-3.2.3.jar;C:\Users\haris\.m2\repository\org\aspectj\aspectjweaver\1.9.21\aspectjweaver-1.9.21.jar;C:\Users\haris\.m2\repository\org\springframework\boot\spring-boot-starter-jdbc\3.2.3\spring-boot-starter-jdbc-3.2.3.jar;C:\Users\haris\.m2\repository\com\zaxxer\HikariCP\5.0.1\HikariCP-5.0.1.jar;C:\Users\haris\.m2\repository\org\springframework\spring-jdbc\6.1.4\spring-jdbc-6.1.4.jar;C:\Users\haris\.m2\repository\org\hibernate\orm\hibernate-core\6.4.4.Final\hibernate-core-6.4.4.Final.jar;C:\Users\haris\.m2\repository\jakarta\persistence\jakarta.persistence-api\3.1.0\jakarta.persistence-api-3.1.0.jar;C:\Users\haris\.m2\repository\jakarta\transaction\jakarta.transaction-api\2.0.1\jakarta.transaction-api-2.0.1.jar;C:\Users\haris\.m2\repository\org\jboss\logging\jboss-logging\3.5.3.Final\jboss-logging-3.5.3.Final.jar;C:\Users\haris\.m2\repository\org\hibernate\common\hibernate-commons-annotations\6.0.6.Final\hibernate-commons-annotations-6.0.6.Final.jar;C:\Users\haris\.m2\repository\io\smallrye\jandex\3.1.2\jandex-3.1.2.jar;C:\Users\haris\.m2\repository\com\fasterxml\classmate\1.6.0\classmate-1.6.0.jar;C:\Users\haris\.m2\repository\net\bytebuddy\byte-buddy\1.14.12\byte-buddy-1.14.12.jar;C:\Users\haris\.m2\repository\org\glassfish\jaxb\jaxb-runtime\4.0.4\jaxb-runtime-4.0.4.jar;C:\Users\haris\.m2\repository\org\glassfish\jaxb\jaxb-core\4.0.4\jaxb-core-4.0.4.jar;C:\Users\haris\.m2\repository\org\eclipse\angus\angus-activation\2.0.1\angus-activation-2.0.1.jar;C:\Users\haris\.m2\repository\org\glassfish\jaxb\txw2\4.0.4\txw2-4.0.4.jar;C:\Users\haris\.m2\repository\com\sun\istack\istack-commons-runtime\4.1.2\istack-commons-runtime-4.1.2.jar;C:\Users\haris\.m2\repository\jakarta\inject\jakarta.inject-api\2.0.1\jakarta.inject-api-2.0.1.jar;C:\Users\haris\.m2\repository\org\antlr\antlr4-runtime\4.13.0\antlr4-runtime-4.13.0.jar;C:\Users\haris\.m2\repository\org\springframework\data\spring-data-jpa\3.2.3\spring-data-jpa-3.2.3.jar;C:\Users\haris\.m2\repository\org\springframework\data\spring-data-commons\3.2.3\spring-data-commons-3.2.3.jar;C:\Users\haris\.m2\repository\org\springframework\spring-orm\6.1.4\spring-orm-6.1.4.jar;C:\Users\haris\.m2\repository\org\springframework\spring-context\6.1.4\spring-context-6.1.4.jar;C:\Users\haris\.m2\repository\org\springframework\spring-tx\6.1.4\spring-tx-6.1.4.jar;C:\Users\haris\.m2\repository\org\springframework\spring-beans\6.1.4\spring-beans-6.1.4.jar;C:\Users\haris\.m2\repository\org\slf4j\slf4j-api\2.0.12\slf4j-api-2.0.12.jar;C:\Users\haris\.m2\repository\org\springframework\spring-aspects\6.1.4\spring-aspects-6.1.4.jar;C:\Users\haris\.m2\repository\org\springframework\boot\spring-boot-starter-oauth2-authorization-server\3.2.3\spring-boot-starter-oauth2-authorization-server-3.2.3.jar;C:\Users\haris\.m2\repository\org\springframework\security\spring-security-oauth2-authorization-server\1.2.2\spring-security-oauth2-authorization-server-1.2.2.jar;C:\Users\haris\.m2\repository\org\springframework\security\spring-security-oauth2-core\6.2.2\spring-security-oauth2-core-6.2.2.jar;C:\Users\haris\.m2\repository\org\springframework\security\spring-security-oauth2-jose\6.2.2\spring-security-oauth2-jose-6.2.2.jar;C:\Users\haris\.m2\repository\org\springframework\security\spring-security-oauth2-resource-server\6.2.2\spring-security-oauth2-resource-server-6.2.2.jar;C:\Users\haris\.m2\repository\com\nimbusds\nimbus-jose-jwt\9.37.3\nimbus-jose-jwt-9.37.3.jar;C:\Users\haris\.m2\repository\com\github\stephenc\jcip\jcip-annotations\1.0-1\jcip-annotations-1.0-1.jar;C:\Users\haris\.m2\repository\org\springframework\boot\spring-boot-starter-security\3.2.3\spring-boot-starter-security-3.2.3.jar;C:\Users\haris\.m2\repository\org\springframework\spring-aop\6.1.4\spring-aop-6.1.4.jar;C:\Users\haris\.m2\repository\org\springframework\security\spring-security-config\6.2.2\spring-security-config-6.2.2.jar;C:\Users\haris\.m2\repository\org\springframework\security\spring-security-web\6.2.2\spring-security-web-6.2.2.jar;C:\Users\haris\.m2\repository\org\springframework\spring-expression\6.1.4\spring-expression-6.1.4.jar;C:\Users\haris\.m2\repository\org\springframework\boot\spring-boot-starter-web\3.2.3\spring-boot-starter-web-3.2.3.jar;C:\Users\haris\.m2\repository\org\springframework\boot\spring-boot-starter-json\3.2.3\spring-boot-starter-json-3.2.3.jar;C:\Users\haris\.m2\repository\com\fasterxml\jackson\datatype\jackson-datatype-jdk8\2.15.4\jackson-datatype-jdk8-2.15.4.jar;C:\Users\haris\.m2\repository\com\fasterxml\jackson\module\jackson-module-parameter-names\2.15.4\jackson-module-parameter-names-2.15.4.jar;C:\Users\haris\.m2\repository\org\springframework\boot\spring-boot-starter-tomcat\3.2.3\spring-boot-starter-tomcat-3.2.3.jar;C:\Users\haris\.m2\repository\org\apache\tomcat\embed\tomcat-embed-core\10.1.19\tomcat-embed-core-10.1.19.jar;C:\Users\haris\.m2\repository\org\apache\tomcat\embed\tomcat-embed-el\10.1.19\tomcat-embed-el-10.1.19.jar;C:\Users\haris\.m2\repository\org\apache\tomcat\embed\tomcat-embed-websocket\10.1.19\tomcat-embed-websocket-10.1.19.jar;C:\Users\haris\.m2\repository\org\springframework\spring-web\6.1.4\spring-web-6.1.4.jar;C:\Users\haris\.m2\repository\org\springframework\spring-webmvc\6.1.4\spring-webmvc-6.1.4.jar;C:\Users\haris\.m2\repository\org\projectlombok\lombok\1.18.30\lombok-1.18.30.jar;C:\Users\haris\.m2\repository\jakarta\xml\bind\jakarta.xml.bind-api\4.0.1\jakarta.xml.bind-api-4.0.1.jar;C:\Users\haris\.m2\repository\jakarta\activation\jakarta.activation-api\2.1.2\jakarta.activation-api-2.1.2.jar;C:\Users\haris\.m2\repository\org\springframework\spring-core\6.1.4\spring-core-6.1.4.jar;C:\Users\haris\.m2\repository\org\springframework\spring-jcl\6.1.4\spring-jcl-6.1.4.jar;C:\Users\haris\.m2\repository\org\springframework\security\spring-security-core\6.2.2\spring-security-core-6.2.2.jar;C:\Users\haris\.m2\repository\org\springframework\security\spring-security-crypto\6.2.2\spring-security-crypto-6.2.2.jar;C:\Users\haris\.m2\repository\com\mysql\mysql-connector-j\8.3.0\mysql-connector-j-8.3.0.jar
Launcher Type: SUN_STANDARD

[Global flags]
     intx CICompilerCount                          = 4                                         {product} {ergonomic}
     uint ConcGCThreads                            = 2                                         {product} {ergonomic}
     uint G1ConcRefinementThreads                  = 8                                         {product} {ergonomic}
   size_t G1HeapRegionSize                         = 1048576                                   {product} {ergonomic}
    uintx GCDrainStackTargetSize                   = 64                                        {product} {ergonomic}
   size_t InitialHeapSize                          = 132120576                                 {product} {ergonomic}
   size_t MarkStackSize                            = 4194304                                   {product} {ergonomic}
   size_t MaxHeapSize                              = 2103443456                                {product} {ergonomic}
   size_t MaxNewSize                               = 1261436928                                {product} {ergonomic}
   size_t MinHeapDeltaBytes                        = 1048576                                   {product} {ergonomic}
   size_t MinHeapSize                              = 8388608                                   {product} {ergonomic}
    uintx NonNMethodCodeHeapSize                   = 5839372                                {pd product} {ergonomic}
    uintx NonProfiledCodeHeapSize                  = 122909434                              {pd product} {ergonomic}
    uintx ProfiledCodeHeapSize                     = 122909434                              {pd product} {ergonomic}
    uintx ReservedCodeCacheSize                    = 251658240                              {pd product} {ergonomic}
     bool SegmentedCodeCache                       = true                                      {product} {ergonomic}
   size_t SoftMaxHeapSize                          = 2103443456                             {manageable} {ergonomic}
     bool UseCompressedClassPointers               = true                           {product lp64_product} {ergonomic}
     bool UseCompressedOops                        = true                           {product lp64_product} {ergonomic}
     bool UseG1GC                                  = true                                      {product} {ergonomic}
     bool UseLargePagesIndividualAllocation        = false                                  {pd product} {ergonomic}

Logging:
Log output configuration:
 #0: stdout all=warning uptime,level,tags foldmultilines=false
 #1: stderr all=off uptime,level,tags foldmultilines=false

Environment Variables:
JAVA_HOME=C:\Program Files\Java\jdk-18.0.2.1
PATH=C:\Python312\Scripts\;C:\Python312\;C:\Program Files\Common Files\Oracle\Java\javapath;C:\Program Files (x86)\Common Files\Oracle\Java\javapath;D:\Softwares\Oraccle\WINDOWS.X64_213000_db_home\bin;C:\WINDOWS\system32;C:\WINDOWS;C:\WINDOWS\System32\Wbem;C:\WINDOWS\System32\WindowsPowerShell\v1.0\;C:\WINDOWS\System32\OpenSSH\;C:\Program Files\apache-maven-3.9.1\bin;C:\Program Files\Java\jdk-18.0.2.1\bin;C:\Program Files\Redis\;C:\Program Files\Java\jdk-17;C:\Program Files\Docker\Docker\resources\bin;C:\Program Files\nodejs\;C:\ProgramData\chocolatey\bin;C:\Program Files\Git\cmd;C:\Program Files\Amazon\AWSCLIV2\;C:\Program Files\Amazon\AWSSAMCLI\bin\;C:\Program Files\MySQL\MySQL Shell 8.0\bin\;C:\Users\haris\AppData\Local\Microsoft\WindowsApps;C:\Program Files\Java\jdk-18.0.2.1\bin;C:\Program Files\JetBrains\IntelliJ IDEA Community Edition 2023.3.2\bin;;C:\Users\haris\AppData\Local\Programs\Microsoft VS Code\bin;C:\Users\haris\AppData\Roaming\npm;C:\Users\haris\AppData\Local\Programs\mongosh\
USERNAME=haris
OS=Windows_NT
PROCESSOR_IDENTIFIER=Intel64 Family 6 Model 142 Stepping 12, GenuineIntel



---------------  S Y S T E M  ---------------

OS:
 Windows 11 , 64 bit Build 22621 (10.0.22621.3085)
OS uptime: 1 days 0:04 hours
Hyper-V role detected

CPU: total 8 (initial active 8) (4 cores per cpu, 2 threads per core) family 6 model 142 stepping 12 microcode 0xde, cx8, cmov, fxsr, ht, mmx, 3dnowpref, sse, sse2, sse3, ssse3, sse4.1, sse4.2, popcnt, lzcnt, tsc, tscinvbit, avx, avx2, aes, erms, clmul, bmi1, bmi2, adx, fma, vzeroupper, clflush, clflushopt, hv

Memory: 4k page, system-wide physical 8022M (526M free)
TotalPageFile size 26772M (AvailPageFile size 50M)
current process WorkingSet (physical memory assigned to process): 74M, peak: 306M
current process commit charge ("private bytes"): 304M, peak: 347M

vm_info: Java HotSpot(TM) 64-Bit Server VM (18.0.2.1+1-1) for windows-amd64 JRE (18.0.2.1+1-1), built on Aug 16 2022 01:46:33 by "mach5one" with MS VC++ 16.8 / 16.9 (VS2019)

END.
